<?xml version="1.0" encoding="UTF-8"?>
<!-- Generated by org.testng.reporters.JUnitXMLReporter -->
<testsuite ignored="0" hostname="DESKTOP-I8JD5E6" failures="0" tests="4" name="Default test" time="1.1" errors="0" timestamp="2022-11-24T15:44:50 IST">
  <testcase classname="com.javapoint.controller.MovieControllerTest" name="addMovie" time="0.418"/>
  <testcase classname="com.javapoint.controller.MovieControllerTest" name="deleteMovie" time="0.025"/>
  <testcase classname="com.javapoint.controller.MovieControllerTest" name="getMovie" time="0.01"/>
  <testcase classname="com.javapoint.controller.MovieControllerTest" name="updateMovie" time="0.039"/>
</testsuite> <!-- Default test -->
