<?xml version="1.0" encoding="UTF-8"?>
<testng-results ignored="0" total="4" passed="4" failed="0" skipped="0">
  <reporter-output>
  </reporter-output>
  <suite started-at="2022-11-24T15:44:49 IST" name="Default suite" finished-at="2022-11-24T15:44:50 IST" duration-ms="1100">
    <groups>
    </groups>
    <test started-at="2022-11-24T15:44:49 IST" name="Default test" finished-at="2022-11-24T15:44:50 IST" duration-ms="1100">
      <class name="com.javapoint.controller.MovieControllerTest">
        <test-method is-config="true" signature="beforeTest()[pri:0, instance:com.javapoint.controller.MovieControllerTest@6392827e]" started-at="2022-11-24T15:44:49 IST" name="beforeTest" finished-at="2022-11-24T15:44:49 IST" duration-ms="541" status="PASS">
          <reporter-output>
          </reporter-output>
        </test-method> <!-- beforeTest -->
        <test-method signature="addMovie()[pri:0, instance:com.javapoint.controller.MovieControllerTest@6392827e]" started-at="2022-11-24T15:44:50 IST" name="addMovie" finished-at="2022-11-24T15:44:50 IST" duration-ms="418" status="PASS">
          <reporter-output>
          </reporter-output>
        </test-method> <!-- addMovie -->
        <test-method signature="deleteMovie()[pri:0, instance:com.javapoint.controller.MovieControllerTest@6392827e]" started-at="2022-11-24T15:44:50 IST" name="deleteMovie" finished-at="2022-11-24T15:44:50 IST" depends-on-methods="com.javapoint.controller.MovieControllerTest.addMovie" duration-ms="25" status="PASS">
          <reporter-output>
          </reporter-output>
        </test-method> <!-- deleteMovie -->
        <test-method signature="getMovie()[pri:0, instance:com.javapoint.controller.MovieControllerTest@6392827e]" started-at="2022-11-24T15:44:50 IST" name="getMovie" finished-at="2022-11-24T15:44:50 IST" depends-on-methods="com.javapoint.controller.MovieControllerTest.addMovie" duration-ms="10" status="PASS">
          <reporter-output>
          </reporter-output>
        </test-method> <!-- getMovie -->
        <test-method signature="updateMovie()[pri:0, instance:com.javapoint.controller.MovieControllerTest@6392827e]" started-at="2022-11-24T15:44:50 IST" name="updateMovie" finished-at="2022-11-24T15:44:50 IST" depends-on-methods="com.javapoint.controller.MovieControllerTest.getMovie" duration-ms="39" status="PASS">
          <reporter-output>
          </reporter-output>
        </test-method> <!-- updateMovie -->
        <test-method is-config="true" signature="afterTest()[pri:0, instance:com.javapoint.controller.MovieControllerTest@6392827e]" started-at="2022-11-24T15:44:50 IST" name="afterTest" finished-at="2022-11-24T15:44:50 IST" duration-ms="5" status="PASS">
          <reporter-output>
          </reporter-output>
        </test-method> <!-- afterTest -->
      </class> <!-- com.javapoint.controller.MovieControllerTest -->
    </test> <!-- Default test -->
  </suite> <!-- Default suite -->
</testng-results>
